2019-07-16 18:13:02,966  INFO [main] HomePage:46 - Verification Started..
2019-07-16 18:30:10,542  INFO [main] TestBase:60 - Launching browser !!
2019-07-16 18:30:38,852  INFO [main] LandingPage:43 - Getting Favourite Videos !!!
2019-07-16 18:30:41,417  INFO [main] LandingPage:73 - Favourite Videos Added ..!!!
2019-07-16 18:30:41,417  INFO [main] MyVideosPage:46 - Getting my favourite Videos !!!
2019-07-16 18:31:23,019  WARN [main] TestBase:73 - Test case failed.Capturing Failure Test cases !!
2019-07-16 18:36:35,520  INFO [main] TestBase:60 - Launching browser !!
2019-07-16 18:36:51,435  INFO [main] LandingPage:43 - Getting Favourite Videos !!!
2019-07-16 18:36:53,417  INFO [main] LandingPage:73 - Favourite Videos Added ..!!!
2019-07-16 18:36:53,418  INFO [main] MyVideosPage:46 - Getting my favourite Videos !!!
2019-07-16 18:37:34,637  WARN [main] TestBase:73 - Test case failed.Capturing Failure Test cases !!
2019-07-16 18:46:01,415  INFO [main] TestBase:60 - Launching browser !!
2019-07-16 18:46:07,679  INFO [main] LandingPage:43 - Getting Favourite Videos !!!
2019-07-16 18:46:41,936  INFO [main] TestBase:60 - Launching browser !!
2019-07-16 18:48:08,783  INFO [main] LandingPage:43 - Getting Favourite Videos !!!
2019-07-16 18:48:25,694  INFO [main] LandingPage:73 - Favourite Videos Added ..!!!
2019-07-16 18:48:25,695  INFO [main] MyVideosPage:46 - Getting my favourite Videos !!!
2019-07-16 18:49:11,075  WARN [main] TestBase:73 - Test case failed.Capturing Failure Test cases !!
2019-07-16 18:51:35,552  INFO [main] TestBase:60 - Launching browser !!
2019-07-16 18:51:39,906  INFO [main] LandingPage:43 - Getting Favourite Videos !!!
2019-07-16 19:28:24,367  INFO [main] TestBase:60 - Launching browser !!
2019-07-16 19:29:10,841  INFO [main] LandingPage:43 - Getting Favourite Videos !!!
2019-07-16 19:29:13,677  INFO [main] LandingPage:74 - Favourite Videos Added ..!!!
2019-07-16 19:29:13,678  INFO [main] MyVideosPage:46 - Getting my favourite Videos !!!
2019-07-16 19:29:20,386  INFO [main] MyVideosPage:76 - My favourite Videos Added !!!
2019-07-16 19:29:21,511  WARN [main] TestBase:73 - Test case failed.Capturing Failure Test cases !!
2019-07-16 20:08:33,242  INFO [main] TestBase:60 - Launching browser !!
2019-07-16 20:08:52,568  INFO [main] LandingPage:46 - Getting Favourite Videos !!!
2019-07-16 20:08:55,501  INFO [main] LandingPage:86 - Favourite Videos Added ..!!!
2019-07-16 20:08:55,502  INFO [main] MyVideosPage:46 - Getting my favourite Videos !!!
2019-07-16 20:09:01,387  INFO [main] MyVideosPage:76 - My favourite Videos Added !!!
2019-07-16 20:09:01,391  INFO [main] HomePage:52 - Checking the Text and Description of the videos !!
2019-07-16 20:09:01,455  INFO [main] HomePage:52 - Checking the Text and Description of the videos !!
2019-07-16 20:09:01,456  INFO [main] HomePage:57 - Added Favourite Videos and Myvideos are successfully verified !!
2019-07-16 20:14:08,083  INFO [main] TestBase:60 - Launching browser !!
2019-07-16 20:14:25,424  INFO [main] LandingPage:46 - Getting Favourite Videos !!!
2019-07-16 20:14:26,996  INFO [main] LandingPage:79 - Video Text :SHARK WEEK
2019-07-16 20:14:26,996  INFO [main] LandingPage:80 - Video Description :Television's longest running must-see summer TV event is filled with all things sharks! Shark Week…
2019-07-16 20:14:27,727  INFO [main] LandingPage:79 - Video Text :NAKED AND AFRAID XL
2019-07-16 20:14:27,728  INFO [main] LandingPage:80 - Video Description :A group of the best survival experts in the world take on an un-survivable situation: 40 days.…
2019-07-16 20:14:27,744  INFO [main] LandingPage:87 - Favourite Videos Added ..!!!
2019-07-16 20:14:27,745  INFO [main] MyVideosPage:49 - Getting my favourite Videos !!!
2019-07-16 20:14:35,029  INFO [main] MyVideosPage:83 - Video Text :SHARK WEEK
2019-07-16 20:14:35,030  INFO [main] MyVideosPage:84 - Video Description :Television's longest running must-see summer TV event is filled with all things sharks! Shark Week 2019 will kick off…
2019-07-16 20:14:36,028  INFO [main] MyVideosPage:83 - Video Text :NAKED AND AFRAID XL
2019-07-16 20:14:36,029  INFO [main] MyVideosPage:84 - Video Description :A group of the best survival experts in the world take on an un-survivable situation: 40 days. 40 nights. No food,…
2019-07-16 20:14:36,435  INFO [main] MyVideosPage:89 - My favourite Videos Added !!!
2019-07-16 20:14:36,438  INFO [main] HomePage:52 - Checking the Text and Description of the videos !!
2019-07-16 20:14:36,440  INFO [main] HomePage:52 - Checking the Text and Description of the videos !!
2019-07-16 20:14:36,441  INFO [main] HomePage:57 - Added Favourite Videos and Myvideos are successfully verified !!
2019-07-16 20:14:57,589  INFO [main] TestBase:60 - Launching browser !!
2019-07-16 20:15:12,190  INFO [main] LandingPage:46 - Getting Favourite Videos !!!
2019-07-16 20:15:13,757  INFO [main] LandingPage:79 - Video Text :SHARK WEEK
2019-07-16 20:15:13,758  INFO [main] LandingPage:80 - Video Description :Television's longest running must-see summer TV event is filled with all things sharks! Shark Week…
2019-07-16 20:15:14,514  INFO [main] LandingPage:79 - Video Text :NAKED AND AFRAID XL
2019-07-16 20:15:14,514  INFO [main] LandingPage:80 - Video Description :A group of the best survival experts in the world take on an un-survivable situation: 40 days.…
2019-07-16 20:15:14,529  INFO [main] LandingPage:87 - Favourite Videos Added ..!!!
2019-07-16 20:15:14,529  INFO [main] MyVideosPage:49 - Getting my favourite Videos !!!
2019-07-16 20:15:19,608  INFO [main] MyVideosPage:83 - Video Text :SHARK WEEK
2019-07-16 20:15:19,608  INFO [main] MyVideosPage:84 - Video Description :Television's longest running must-see summer TV event is filled with all things sharks! Shark Week 2019 will kick off…
2019-07-16 20:15:20,087  INFO [main] MyVideosPage:83 - Video Text :NAKED AND AFRAID XL
2019-07-16 20:15:20,087  INFO [main] MyVideosPage:84 - Video Description :A group of the best survival experts in the world take on an un-survivable situation: 40 days. 40 nights. No food,…
2019-07-16 20:15:20,127  INFO [main] MyVideosPage:89 - My favourite Videos Added !!!
2019-07-16 20:15:20,186  INFO [main] HomePage:52 - Checking the Text and Description of the videos !!
2019-07-16 20:15:20,333  INFO [main] HomePage:52 - Checking the Text and Description of the videos !!
2019-07-16 20:15:20,334  INFO [main] HomePage:57 - Added Favourite Videos and Myvideos are successfully verified !!
2019-07-16 20:18:41,153  INFO [main] TestBase:60 - Launching browser !!
2019-07-16 20:18:54,271  INFO [main] TestBase:62 - Launching browser !!https://www.discovery.com/
2019-07-16 20:18:57,089  INFO [main] LandingPage:46 - Getting Favourite Videos !!!
2019-07-16 20:18:58,940  INFO [main] LandingPage:79 - Video Text :SHARK WEEK
2019-07-16 20:18:58,941  INFO [main] LandingPage:80 - Video Description :Television's longest running must-see summer TV event is filled with all things sharks! Shark Week 2019 will kick off…
2019-07-16 20:18:59,876  INFO [main] LandingPage:79 - Video Text :NAKED AND AFRAID XL
2019-07-16 20:18:59,877  INFO [main] LandingPage:80 - Video Description :A group of the best survival experts in the world take on an un-survivable situation: 40 days. 40 nights. No food,…
2019-07-16 20:18:59,892  INFO [main] LandingPage:87 - Favourite Videos Added ..!!!
2019-07-16 20:18:59,893  INFO [main] MyVideosPage:49 - Getting my favourite Videos !!!
2019-07-16 20:19:07,878  INFO [main] MyVideosPage:83 - Video Text :SHARK WEEK
2019-07-16 20:19:07,880  INFO [main] MyVideosPage:84 - Video Description :Television's longest running must-see summer TV event is filled with all things sharks! Shark Week 2019 will kick off…
2019-07-16 20:19:08,415  INFO [main] MyVideosPage:83 - Video Text :NAKED AND AFRAID XL
2019-07-16 20:19:08,415  INFO [main] MyVideosPage:84 - Video Description :A group of the best survival experts in the world take on an un-survivable situation: 40 days. 40 nights. No food,…
2019-07-16 20:19:08,463  INFO [main] MyVideosPage:89 - My favourite Videos Added !!!
2019-07-16 20:19:08,468  INFO [main] HomePage:52 - Checking the Text and Description of the videos !!
2019-07-16 20:19:08,472  INFO [main] HomePage:52 - Checking the Text and Description of the videos !!
2019-07-16 20:19:08,474  INFO [main] HomePage:57 - Added Favourite Videos and Myvideos are successfully verified !!
2019-07-16 20:20:51,772  INFO [main] TestBase:60 - Launching browser !!
2019-07-16 20:21:22,061  INFO [main] TestBase:62 - URLhttps://www.discovery.com/
2019-07-16 20:21:25,161  INFO [main] LandingPage:46 - Getting Favourite Videos !!!
2019-07-16 20:21:26,669  INFO [main] LandingPage:79 - Video Text :SHARK WEEK
2019-07-16 20:21:26,670  INFO [main] LandingPage:80 - Video Description :Television's longest running must-see summer TV event is filled with all things sharks! Shark Week…
2019-07-16 20:21:27,429  INFO [main] LandingPage:79 - Video Text :NAKED AND AFRAID XL
2019-07-16 20:21:27,429  INFO [main] LandingPage:80 - Video Description :A group of the best survival experts in the world take on an un-survivable situation: 40 days.…
2019-07-16 20:21:27,446  INFO [main] LandingPage:87 - Favourite Videos Added ..!!!
2019-07-16 20:21:27,446  INFO [main] MyVideosPage:49 - Getting my favourite Videos !!!
2019-07-16 20:21:33,907  INFO [main] MyVideosPage:83 - Video Text :SHARK WEEK
2019-07-16 20:21:33,907  INFO [main] MyVideosPage:84 - Video Description :Television's longest running must-see summer TV event is filled with all things sharks! Shark Week 2019 will kick off…
2019-07-16 20:21:34,346  INFO [main] MyVideosPage:83 - Video Text :NAKED AND AFRAID XL
2019-07-16 20:21:34,346  INFO [main] MyVideosPage:84 - Video Description :A group of the best survival experts in the world take on an un-survivable situation: 40 days. 40 nights. No food,…
2019-07-16 20:21:34,389  INFO [main] MyVideosPage:89 - My favourite Videos Added !!!
2019-07-16 20:21:34,391  INFO [main] HomePage:52 - Checking the Text and Description of the videos !!
2019-07-16 20:21:34,393  INFO [main] HomePage:52 - Checking the Text and Description of the videos !!
2019-07-16 20:21:34,395  INFO [main] HomePage:57 - Added Favourite Videos and Myvideos are successfully verified !!
2019-07-16 20:23:57,535  INFO [main] TestBase:60 - Launching browser !!
2019-07-16 20:24:09,189  INFO [main] TestBase:62 - URL:https://www.discovery.com/
2019-07-16 20:24:13,139  INFO [main] LandingPage:46 - Getting Favourite Videos !!!
2019-07-16 20:24:14,561  INFO [main] LandingPage:79 - Video Text :SHARK WEEK
2019-07-16 20:24:14,562  INFO [main] LandingPage:80 - Video Description :Television's longest running must-see summer TV event is filled with all things sharks! Shark Week…
2019-07-16 20:24:15,479  INFO [main] LandingPage:79 - Video Text :NAKED AND AFRAID XL
2019-07-16 20:24:15,479  INFO [main] LandingPage:80 - Video Description :A group of the best survival experts in the world take on an un-survivable situation: 40 days.…
2019-07-16 20:24:15,493  INFO [main] LandingPage:87 - Favourite Videos Added ..!!!
2019-07-16 20:24:15,494  INFO [main] MyVideosPage:49 - Getting my favourite Videos !!!
2019-07-16 20:24:21,613  INFO [main] MyVideosPage:83 - Video Text :SHARK WEEK
2019-07-16 20:24:21,614  INFO [main] MyVideosPage:84 - Video Description :Television's longest running must-see summer TV event is filled with all things sharks! Shark Week 2019 will kick off…
2019-07-16 20:24:22,069  INFO [main] MyVideosPage:83 - Video Text :NAKED AND AFRAID XL
2019-07-16 20:24:22,069  INFO [main] MyVideosPage:84 - Video Description :A group of the best survival experts in the world take on an un-survivable situation: 40 days. 40 nights. No food,…
2019-07-16 20:24:22,110  INFO [main] MyVideosPage:89 - My favourite Videos Added !!!
2019-07-16 20:24:22,113  INFO [main] HomePage:52 - Checking the Text and Description of the videos !!
2019-07-16 20:24:22,115  INFO [main] HomePage:52 - Checking the Text and Description of the videos !!
2019-07-16 20:24:22,117  INFO [main] HomePage:57 - Added Favourite Videos and Myvideos are successfully verified !!
2019-07-16 20:33:30,954  INFO [main] TestBase:58 - Launching browser !!
2019-07-16 20:33:45,015  INFO [main] TestBase:60 - URL:https://www.discovery.com/
2019-07-16 20:33:49,802  INFO [main] LandingPage:46 - Getting Favourite Videos !!!
2019-07-16 20:33:51,469  INFO [main] LandingPage:79 - Video Text :SHARK WEEK
2019-07-16 20:33:51,470  INFO [main] LandingPage:80 - Video Description :Television's longest running must-see summer TV event is filled with all things sharks! Shark Week…
2019-07-16 20:33:52,256  INFO [main] LandingPage:79 - Video Text :NAKED AND AFRAID XL
2019-07-16 20:33:52,257  INFO [main] LandingPage:80 - Video Description :A group of the best survival experts in the world take on an un-survivable situation: 40 days.…
2019-07-16 20:33:52,312  INFO [main] LandingPage:87 - Favourite Videos Added ..!!!
2019-07-16 20:33:52,313  INFO [main] MyVideosPage:49 - Getting my favourite Videos !!!
2019-07-16 20:33:58,328  INFO [main] MyVideosPage:83 - Video Text :SHARK WEEK
2019-07-16 20:33:58,329  INFO [main] MyVideosPage:84 - Video Description :Television's longest running must-see summer TV event is filled with all things sharks! Shark Week 2019 will kick off…
2019-07-16 20:33:58,864  INFO [main] MyVideosPage:83 - Video Text :NAKED AND AFRAID XL
2019-07-16 20:33:58,865  INFO [main] MyVideosPage:84 - Video Description :A group of the best survival experts in the world take on an un-survivable situation: 40 days. 40 nights. No food,…
2019-07-16 20:33:58,906  INFO [main] MyVideosPage:89 - My favourite Videos Added !!!
2019-07-16 20:33:58,909  INFO [main] HomePage:54 - Checking the Text and Description of the videos !!
2019-07-16 20:33:58,911  INFO [main] HomePage:54 - Checking the Text and Description of the videos !!
2019-07-16 20:33:58,913  INFO [main] HomePage:59 - Added Favourite Videos and Myvideos are successfully verified !!
2019-07-16 21:17:22,698  INFO [main] TestBase:58 - Launching browser !!
2019-07-16 21:18:05,513  INFO [main] TestBase:60 - URL:https://www.discovery.com/
2019-07-16 21:18:17,019  INFO [main] LandingPage:46 - Getting Favourite Videos !!!
2019-07-16 21:18:21,802  INFO [main] LandingPage:79 - Video Text :SHARK WEEK
2019-07-16 21:18:21,803  INFO [main] LandingPage:80 - Video Description :Television's longest running must-see summer TV event is filled with all things sharks! Shark Week…
2019-07-16 21:18:22,867  INFO [main] LandingPage:79 - Video Text :NAKED AND AFRAID XL
2019-07-16 21:18:22,868  INFO [main] LandingPage:80 - Video Description :A group of the best survival experts in the world take on an un-survivable situation: 40 days.…
2019-07-16 21:18:22,903  INFO [main] LandingPage:87 - Favourite Videos Added ..!!!
2019-07-16 21:18:22,904  INFO [main] MyVideosPage:49 - Getting my favourite Videos !!!
2019-07-16 21:18:33,746  INFO [main] MyVideosPage:83 - Video Text :SHARK WEEK
2019-07-16 21:18:33,746  INFO [main] MyVideosPage:84 - Video Description :Television's longest running must-see summer TV event is filled with all things sharks! Shark Week 2019 will kick off…
2019-07-16 21:18:34,237  INFO [main] MyVideosPage:83 - Video Text :NAKED AND AFRAID XL
2019-07-16 21:18:34,237  INFO [main] MyVideosPage:84 - Video Description :A group of the best survival experts in the world take on an un-survivable situation: 40 days. 40 nights. No food,…
2019-07-16 21:18:34,276  INFO [main] MyVideosPage:89 - My favourite Videos Added !!!
2019-07-16 21:18:34,719  INFO [main] HomePage:54 - Checking the Text and Description of the videos !!
2019-07-16 21:18:35,104  INFO [main] HomePage:54 - Checking the Text and Description of the videos !!
2019-07-16 21:18:35,106  INFO [main] HomePage:59 - Added Favourite Videos and Myvideos are successfully verified !!
2019-07-16 21:38:25,957  INFO [main] TestBase:58 - Launching browser !!
2019-07-16 21:38:40,952  INFO [main] TestBase:60 - URL:https://www.discovery.com/
2019-07-16 21:38:45,212  INFO [main] LandingPage:46 - Getting Favourite Videos !!!
2019-07-16 21:38:48,212  INFO [main] LandingPage:79 - Video Text :SHARK WEEK
2019-07-16 21:38:48,217  INFO [main] LandingPage:80 - Video Description :Television's longest running must-see summer TV event is filled with all things sharks! Shark Week…
2019-07-16 21:39:19,912  INFO [main] LandingPage:79 - Video Text :
2019-07-16 21:39:19,913  INFO [main] LandingPage:80 - Video Description :
2019-07-16 21:39:19,934  INFO [main] LandingPage:87 - Favourite Videos Added ..!!!
2019-07-16 21:39:19,935  INFO [main] MyVideosPage:49 - Getting my favourite Videos !!!
2019-07-16 21:39:27,777  INFO [main] MyVideosPage:83 - Video Text :NAKED AND AFRAID XL
2019-07-16 21:39:27,779  INFO [main] MyVideosPage:84 - Video Description :A group of the best survival experts in the world take on an un-survivable situation: 40 days. 40 nights. No food,…
2019-07-16 21:39:28,442  INFO [main] MyVideosPage:83 - Video Text :SHARK WEEK
2019-07-16 21:39:28,442  INFO [main] MyVideosPage:84 - Video Description :Television's longest running must-see summer TV event is filled with all things sharks! Shark Week 2019 will kick off…
2019-07-16 21:39:28,487  INFO [main] MyVideosPage:89 - My favourite Videos Added !!!
2019-07-16 21:39:30,047  WARN [main] TestBase:72 - Test case failed.Capturing Failure Test cases !!
2019-07-16 21:41:56,086  INFO [main] TestBase:58 - Launching browser !!
2019-07-16 21:42:29,377  INFO [main] TestBase:60 - URL:https://www.discovery.com/
2019-07-16 21:42:37,061  INFO [main] LandingPage:46 - Getting Favourite Videos !!!
2019-07-16 21:42:38,789  INFO [main] LandingPage:79 - Video Text :SHARK WEEK
2019-07-16 21:42:38,790  INFO [main] LandingPage:80 - Video Description :Television's longest running must-see summer TV event is filled with all things sharks! Shark Week…
2019-07-16 21:43:02,483  INFO [main] LandingPage:79 - Video Text :NAKED AND AFRAID XL
2019-07-16 21:43:02,483  INFO [main] LandingPage:80 - Video Description :A group of the best survival experts in the world take on an un-survivable situation: 40 days.…
2019-07-16 21:43:02,507  INFO [main] LandingPage:87 - Favourite Videos Added ..!!!
2019-07-16 21:43:02,507  INFO [main] MyVideosPage:49 - Getting my favourite Videos !!!
2019-07-16 21:43:07,769  INFO [main] MyVideosPage:83 - Video Text :NAKED AND AFRAID XL
2019-07-16 21:43:07,769  INFO [main] MyVideosPage:84 - Video Description :A group of the best survival experts in the world take on an un-survivable situation: 40 days. 40 nights. No food,…
2019-07-16 21:43:08,223  INFO [main] MyVideosPage:83 - Video Text :SHARK WEEK
2019-07-16 21:43:08,223  INFO [main] MyVideosPage:84 - Video Description :Television's longest running must-see summer TV event is filled with all things sharks! Shark Week 2019 will kick off…
2019-07-16 21:43:08,262  INFO [main] MyVideosPage:89 - My favourite Videos Added !!!
2019-07-16 21:43:08,265  INFO [main] HomePage:54 - Checking the Text and Description of the videos !!
2019-07-16 21:43:08,291  INFO [main] HomePage:54 - Checking the Text and Description of the videos !!
2019-07-16 21:43:08,293  INFO [main] HomePage:59 - Added Favourite Videos and Myvideos are successfully verified !!
2019-07-16 21:43:35,230  INFO [main] TestBase:58 - Launching browser !!
2019-07-16 21:43:49,278  INFO [main] TestBase:60 - URL:https://www.discovery.com/
2019-07-16 21:43:53,541  INFO [main] LandingPage:46 - Getting Favourite Videos !!!
2019-07-16 21:43:55,349  INFO [main] LandingPage:79 - Video Text :SHARK WEEK
2019-07-16 21:43:55,350  INFO [main] LandingPage:80 - Video Description :Television's longest running must-see summer TV event is filled with all things sharks! Shark Week…
2019-07-16 21:43:56,214  INFO [main] LandingPage:79 - Video Text :NAKED AND AFRAID XL
2019-07-16 21:43:56,214  INFO [main] LandingPage:80 - Video Description :A group of the best survival experts in the world take on an un-survivable situation: 40 days.…
2019-07-16 21:43:56,230  INFO [main] LandingPage:87 - Favourite Videos Added ..!!!
2019-07-16 21:43:56,230  INFO [main] MyVideosPage:49 - Getting my favourite Videos !!!
2019-07-16 21:44:03,252  INFO [main] MyVideosPage:83 - Video Text :SHARK WEEK
2019-07-16 21:44:03,253  INFO [main] MyVideosPage:84 - Video Description :Television's longest running must-see summer TV event is filled with all things sharks! Shark Week 2019 will kick off…
2019-07-16 21:44:03,751  INFO [main] MyVideosPage:83 - Video Text :NAKED AND AFRAID XL
2019-07-16 21:44:03,752  INFO [main] MyVideosPage:84 - Video Description :A group of the best survival experts in the world take on an un-survivable situation: 40 days. 40 nights. No food,…
2019-07-16 21:44:03,791  INFO [main] MyVideosPage:89 - My favourite Videos Added !!!
2019-07-16 21:44:03,795  INFO [main] HomePage:54 - Checking the Text and Description of the videos !!
2019-07-16 21:44:03,798  INFO [main] HomePage:54 - Checking the Text and Description of the videos !!
2019-07-16 21:44:03,800  INFO [main] HomePage:59 - Added Favourite Videos and Myvideos are successfully verified !!
2019-07-16 21:52:32,475  INFO [main] TestBase:58 - Launching browser !!
2019-07-16 21:52:46,374  INFO [main] TestBase:60 - URL:https://www.discovery.com/
2019-07-16 21:52:49,648  INFO [main] LandingPage:46 - Getting Favourite Videos !!!
2019-07-16 21:52:51,463  INFO [main] LandingPage:79 - Video Text :SHARK WEEK
2019-07-16 21:52:51,464  INFO [main] LandingPage:80 - Video Description :Television's longest running must-see summer TV event is filled with all things sharks! Shark Week…
2019-07-16 21:52:52,299  INFO [main] LandingPage:79 - Video Text :NAKED AND AFRAID XL
2019-07-16 21:52:52,300  INFO [main] LandingPage:80 - Video Description :A group of the best survival experts in the world take on an un-survivable situation: 40 days.…
2019-07-16 21:52:52,314  INFO [main] LandingPage:87 - Favourite Videos Added ..!!!
2019-07-16 21:52:52,314  INFO [main] MyVideosPage:49 - Getting my favourite Videos !!!
2019-07-16 21:52:58,289  INFO [main] MyVideosPage:83 - Video Text :SHARK WEEK
2019-07-16 21:52:58,289  INFO [main] MyVideosPage:84 - Video Description :Television's longest running must-see summer TV event is filled with all things sharks! Shark Week 2019 will kick off…
2019-07-16 21:52:58,754  INFO [main] MyVideosPage:83 - Video Text :NAKED AND AFRAID XL
2019-07-16 21:52:58,754  INFO [main] MyVideosPage:84 - Video Description :A group of the best survival experts in the world take on an un-survivable situation: 40 days. 40 nights. No food,…
2019-07-16 21:52:58,797  INFO [main] MyVideosPage:89 - My favourite Videos Added !!!
2019-07-16 21:52:58,881  INFO [main] HomePage:54 - Checking the Text and Description of the videos !!
2019-07-16 21:52:59,117  INFO [main] HomePage:54 - Checking the Text and Description of the videos !!
2019-07-16 21:52:59,120  INFO [main] HomePage:59 - Added Favourite Videos and Myvideos are successfully verified !!
2019-07-16 22:03:45,348  INFO [main] TestBase:58 - Launching browser !!
2019-07-16 22:04:01,171  INFO [main] TestBase:60 - URL:https://www.discovery.com/
2019-07-16 22:04:08,177  INFO [main] LandingPage:46 - Getting Favourite Videos !!!
2019-07-16 22:04:09,914  INFO [main] LandingPage:79 - Video Text :SHARK WEEK
2019-07-16 22:04:09,914  INFO [main] LandingPage:80 - Video Description :Television's longest running must-see summer TV event is filled with all things sharks! Shark Week…
2019-07-16 22:04:10,713  INFO [main] LandingPage:79 - Video Text :NAKED AND AFRAID XL
2019-07-16 22:04:10,714  INFO [main] LandingPage:80 - Video Description :A group of the best survival experts in the world take on an un-survivable situation: 40 days.…
2019-07-16 22:04:10,731  INFO [main] LandingPage:87 - Favourite Videos Added ..!!!
2019-07-16 22:04:10,732  INFO [main] MyVideosPage:49 - Getting my favourite Videos !!!
2019-07-16 22:04:17,162  INFO [main] MyVideosPage:83 - Video Text :SHARK WEEK
2019-07-16 22:04:17,163  INFO [main] MyVideosPage:84 - Video Description :Television's longest running must-see summer TV event is filled with all things sharks! Shark Week 2019 will kick off…
2019-07-16 22:04:57,641  WARN [main] MyVideosPage:75 - FavouriteVideos not Found
2019-07-16 22:04:57,823  INFO [main] MyVideosPage:83 - Video Text :null
2019-07-16 22:04:57,824  INFO [main] MyVideosPage:84 - Video Description :
2019-07-16 22:04:57,925  INFO [main] MyVideosPage:89 - My favourite Videos Added !!!
2019-07-16 22:04:57,942  INFO [main] HomePage:54 - Checking the Text and Description of the videos !!
2019-07-16 22:05:03,504  INFO [main] TestBase:58 - Launching browser !!
2019-07-16 22:05:26,595  INFO [main] TestBase:60 - URL:https://www.discovery.com/
2019-07-16 22:05:33,391  INFO [main] LandingPage:46 - Getting Favourite Videos !!!
2019-07-16 22:05:35,060  INFO [main] LandingPage:79 - Video Text :SHARK WEEK
2019-07-16 22:05:35,061  INFO [main] LandingPage:80 - Video Description :Television's longest running must-see summer TV event is filled with all things sharks! Shark Week…
2019-07-16 22:05:35,795  INFO [main] LandingPage:79 - Video Text :NAKED AND AFRAID XL
2019-07-16 22:05:35,796  INFO [main] LandingPage:80 - Video Description :A group of the best survival experts in the world take on an un-survivable situation: 40 days.…
2019-07-16 22:05:35,811  INFO [main] LandingPage:87 - Favourite Videos Added ..!!!
2019-07-16 22:05:35,811  INFO [main] MyVideosPage:49 - Getting my favourite Videos !!!
2019-07-16 22:05:44,894  INFO [main] MyVideosPage:83 - Video Text :SHARK WEEK
2019-07-16 22:05:44,895  INFO [main] MyVideosPage:84 - Video Description :Television's longest running must-see summer TV event is filled with all things sharks! Shark Week 2019 will kick off…
2019-07-16 22:05:45,491  INFO [main] MyVideosPage:83 - Video Text :NAKED AND AFRAID XL
2019-07-16 22:05:45,492  INFO [main] MyVideosPage:84 - Video Description :A group of the best survival experts in the world take on an un-survivable situation: 40 days. 40 nights. No food,…
2019-07-16 22:05:45,544  INFO [main] MyVideosPage:89 - My favourite Videos Added !!!
2019-07-16 22:05:45,545  INFO [main] HomePage:54 - Checking the Text and Description of the videos !!
2019-07-16 22:05:45,545  INFO [main] HomePage:54 - Checking the Text and Description of the videos !!
2019-07-16 22:05:45,545  INFO [main] HomePage:59 - Added Favourite Videos and Myvideos are successfully verified !!
2019-07-16 22:08:06,276  INFO [main] TestBase:58 - Launching browser !!
2019-07-16 22:08:17,964  INFO [main] TestBase:60 - URL:https://www.discovery.com/
2019-07-16 22:08:24,899  INFO [main] LandingPage:46 - Getting Favourite Videos !!!
2019-07-16 22:08:26,734  INFO [main] LandingPage:79 - Video Text :SHARK WEEK
2019-07-16 22:08:26,735  INFO [main] LandingPage:80 - Video Description :Television's longest running must-see summer TV event is filled with all things sharks! Shark Week…
2019-07-16 22:08:27,590  INFO [main] LandingPage:79 - Video Text :NAKED AND AFRAID XL
2019-07-16 22:08:27,591  INFO [main] LandingPage:80 - Video Description :A group of the best survival experts in the world take on an un-survivable situation: 40 days.…
2019-07-16 22:08:27,604  INFO [main] LandingPage:87 - Favourite Videos Added ..!!!
2019-07-16 22:08:27,605  INFO [main] MyVideosPage:49 - Getting my favourite Videos !!!
2019-07-16 22:08:36,260  INFO [main] MyVideosPage:83 - Video Text :SHARK WEEK
2019-07-16 22:08:36,261  INFO [main] MyVideosPage:84 - Video Description :Television's longest running must-see summer TV event is filled with all things sharks! Shark Week 2019 will kick off…
2019-07-16 22:08:36,947  INFO [main] MyVideosPage:83 - Video Text :NAKED AND AFRAID XL
2019-07-16 22:08:36,948  INFO [main] MyVideosPage:84 - Video Description :A group of the best survival experts in the world take on an un-survivable situation: 40 days. 40 nights. No food,…
2019-07-16 22:08:36,985  INFO [main] MyVideosPage:89 - My favourite Videos Added !!!
2019-07-16 22:08:37,103  INFO [main] HomePage:54 - Checking the Text and Description of the videos !!
2019-07-16 22:08:37,546  INFO [main] HomePage:54 - Checking the Text and Description of the videos !!
2019-07-16 22:08:37,550  INFO [main] HomePage:59 - Added Favourite Videos and Myvideos are successfully verified !!
2019-07-17 09:09:24,290  INFO [main] TestBase:58 - Launching browser !!
2019-07-17 09:09:43,410  INFO [main] TestBase:60 - URL:https://www.discovery.com/
2019-07-17 09:09:46,895  INFO [main] LandingPage:46 - Getting Favourite Videos !!!
2019-07-17 09:09:48,667  INFO [main] LandingPage:79 - Video Text :SHARK WEEK
2019-07-17 09:09:48,668  INFO [main] LandingPage:80 - Video Description :Television's longest running must-see summer TV event is filled with all things sharks! Shark Week…
2019-07-17 09:09:49,532  INFO [main] LandingPage:79 - Video Text :NAKED AND AFRAID XL
2019-07-17 09:09:49,533  INFO [main] LandingPage:80 - Video Description :A group of the best survival experts in the world take on an un-survivable situation: 40 days.…
2019-07-17 09:09:49,547  INFO [main] LandingPage:87 - Favourite Videos Added ..!!!
2019-07-17 09:09:49,547  INFO [main] MyVideosPage:49 - Getting my favourite Videos !!!
2019-07-17 09:09:56,483  INFO [main] MyVideosPage:83 - Video Text :SHARK WEEK
2019-07-17 09:09:56,484  INFO [main] MyVideosPage:84 - Video Description :Television's longest running must-see summer TV event is filled with all things sharks! Shark Week 2019 will kick off…
2019-07-17 09:09:56,971  INFO [main] MyVideosPage:83 - Video Text :NAKED AND AFRAID XL
2019-07-17 09:09:56,972  INFO [main] MyVideosPage:84 - Video Description :A group of the best survival experts in the world take on an un-survivable situation: 40 days. 40 nights. No food,…
2019-07-17 09:09:57,010  INFO [main] MyVideosPage:89 - My favourite Videos Added !!!
2019-07-17 09:09:57,014  INFO [main] HomePage:54 - Checking the Text and Description of the videos !!
2019-07-17 09:09:57,017  INFO [main] HomePage:54 - Checking the Text and Description of the videos !!
2019-07-17 09:09:57,019  INFO [main] HomePage:59 - Added Favourite Videos and Myvideos are successfully verified !!
2019-07-17 09:12:50,826  INFO [main] TestBase:58 - Launching browser !!
2019-07-17 09:13:11,920  INFO [main] TestBase:60 - URL:https://www.discovery.com/
2019-07-17 09:13:16,824  INFO [main] LandingPage:46 - Getting Favourite Videos !!!
2019-07-17 09:13:18,602  INFO [main] LandingPage:79 - Video Text :SHARK WEEK
2019-07-17 09:13:18,602  INFO [main] LandingPage:80 - Video Description :Television's longest running must-see summer TV event is filled with all things sharks! Shark Week…
2019-07-17 09:13:19,575  INFO [main] LandingPage:79 - Video Text :NAKED AND AFRAID XL
2019-07-17 09:13:19,575  INFO [main] LandingPage:80 - Video Description :A group of the best survival experts in the world take on an un-survivable situation: 40 days.…
2019-07-17 09:13:19,591  INFO [main] LandingPage:87 - Favourite Videos Added ..!!!
2019-07-17 09:13:19,591  INFO [main] MyVideosPage:49 - Getting my favourite Videos !!!
2019-07-17 09:13:25,127  INFO [main] MyVideosPage:83 - Video Text :SHARK WEEK
2019-07-17 09:13:25,128  INFO [main] MyVideosPage:84 - Video Description :Television's longest running must-see summer TV event is filled with all things sharks! Shark Week 2019 will kick off…
2019-07-17 09:13:25,174  INFO [main] MyVideosPage:89 - My favourite Videos Added !!!
2019-07-17 09:13:30,342  INFO [main] TestBase:58 - Launching browser !!
2019-07-17 09:13:55,579  INFO [main] TestBase:60 - URL:https://www.discovery.com/
2019-07-17 09:14:01,578  INFO [main] LandingPage:46 - Getting Favourite Videos !!!
2019-07-17 09:14:47,341  WARN [main] LandingPage:70 - FavouriteVideos not Found
2019-07-17 09:14:52,777  INFO [main] LandingPage:79 - Video Text :null
2019-07-17 09:14:52,777  INFO [main] LandingPage:80 - Video Description :
2019-07-17 09:15:38,077  WARN [main] LandingPage:70 - FavouriteVideos not Found
2019-07-17 09:15:43,351  INFO [main] LandingPage:79 - Video Text :null
2019-07-17 09:15:43,351  INFO [main] LandingPage:80 - Video Description :
2019-07-17 09:15:43,364  INFO [main] LandingPage:87 - Favourite Videos Added ..!!!
2019-07-17 09:15:43,365  INFO [main] MyVideosPage:49 - Getting my favourite Videos !!!
2019-07-17 09:15:50,139  INFO [main] MyVideosPage:83 - Video Text :NAKED AND AFRAID XL
2019-07-17 09:15:50,140  INFO [main] MyVideosPage:84 - Video Description :A group of the best survival experts in the world take on an un-survivable situation: 40 days. 40 nights. No food,…
2019-07-17 09:15:50,748  INFO [main] MyVideosPage:83 - Video Text :SHARK WEEK
2019-07-17 09:15:50,748  INFO [main] MyVideosPage:84 - Video Description :Television's longest running must-see summer TV event is filled with all things sharks! Shark Week 2019 will kick off…
2019-07-17 09:15:50,794  INFO [main] MyVideosPage:89 - My favourite Videos Added !!!
2019-07-17 09:15:56,700  INFO [main] TestBase:58 - Launching browser !!
2019-07-17 09:16:17,246  INFO [main] TestBase:60 - URL:https://www.discovery.com/
2019-07-17 09:16:21,131  INFO [main] LandingPage:46 - Getting Favourite Videos !!!
2019-07-17 09:16:22,738  INFO [main] LandingPage:79 - Video Text :SHARK WEEK
2019-07-17 09:16:22,738  INFO [main] LandingPage:80 - Video Description :Television's longest running must-see summer TV event is filled with all things sharks! Shark Week…
2019-07-17 09:16:23,576  INFO [main] LandingPage:79 - Video Text :NAKED AND AFRAID XL
2019-07-17 09:16:23,577  INFO [main] LandingPage:80 - Video Description :A group of the best survival experts in the world take on an un-survivable situation: 40 days.…
2019-07-17 09:16:23,594  INFO [main] LandingPage:87 - Favourite Videos Added ..!!!
2019-07-17 09:16:23,594  INFO [main] MyVideosPage:49 - Getting my favourite Videos !!!
2019-07-17 09:16:28,665  INFO [main] MyVideosPage:83 - Video Text :SHARK WEEK
2019-07-17 09:16:28,666  INFO [main] MyVideosPage:84 - Video Description :Television's longest running must-see summer TV event is filled with all things sharks! Shark Week 2019 will kick off…
2019-07-17 09:16:29,131  INFO [main] MyVideosPage:83 - Video Text :NAKED AND AFRAID XL
2019-07-17 09:16:29,131  INFO [main] MyVideosPage:84 - Video Description :A group of the best survival experts in the world take on an un-survivable situation: 40 days. 40 nights. No food,…
2019-07-17 09:16:29,166  INFO [main] MyVideosPage:89 - My favourite Videos Added !!!
2019-07-17 09:16:29,167  INFO [main] HomePage:54 - Checking the Text and Description of the videos !!
2019-07-17 09:16:29,211  INFO [main] HomePage:54 - Checking the Text and Description of the videos !!
2019-07-17 09:16:29,212  INFO [main] HomePage:59 - Added Favourite Videos and Myvideos are successfully verified !!
2019-07-17 09:18:29,925  INFO [main] TestBase:58 - Launching browser !!
2019-07-17 09:18:42,176  INFO [main] TestBase:60 - URL:https://www.discovery.com/
2019-07-17 09:18:45,489  INFO [main] LandingPage:46 - Getting Favourite Videos !!!
2019-07-17 09:18:47,052  INFO [main] LandingPage:79 - Video Text :SHARK WEEK
2019-07-17 09:18:47,053  INFO [main] LandingPage:80 - Video Description :Television's longest running must-see summer TV event is filled with all things sharks! Shark Week…
2019-07-17 09:18:47,779  INFO [main] LandingPage:79 - Video Text :NAKED AND AFRAID XL
2019-07-17 09:18:47,780  INFO [main] LandingPage:80 - Video Description :A group of the best survival experts in the world take on an un-survivable situation: 40 days.…
2019-07-17 09:18:47,795  INFO [main] LandingPage:87 - Favourite Videos Added ..!!!
2019-07-17 09:18:47,796  INFO [main] MyVideosPage:49 - Getting my favourite Videos !!!
2019-07-17 09:18:53,030  INFO [main] MyVideosPage:83 - Video Text :SHARK WEEK
2019-07-17 09:18:53,031  INFO [main] MyVideosPage:84 - Video Description :Television's longest running must-see summer TV event is filled with all things sharks! Shark Week 2019 will kick off…
2019-07-17 09:18:53,556  INFO [main] MyVideosPage:83 - Video Text :NAKED AND AFRAID XL
2019-07-17 09:18:53,556  INFO [main] MyVideosPage:84 - Video Description :A group of the best survival experts in the world take on an un-survivable situation: 40 days. 40 nights. No food,…
2019-07-17 09:18:53,597  INFO [main] MyVideosPage:89 - My favourite Videos Added !!!
2019-07-17 09:18:53,600  INFO [main] HomePage:54 - Checking the Text and Description of the videos !!
2019-07-17 09:18:53,602  INFO [main] HomePage:54 - Checking the Text and Description of the videos !!
2019-07-17 09:18:53,604  INFO [main] HomePage:59 - Added Favourite Videos and Myvideos are successfully verified !!
2019-07-17 09:19:10,006  INFO [main] TestBase:58 - Launching browser !!
2019-07-17 09:19:25,131  INFO [main] TestBase:60 - URL:https://www.discovery.com/
2019-07-17 09:19:28,796  INFO [main] LandingPage:46 - Getting Favourite Videos !!!
2019-07-17 09:19:30,275  INFO [main] LandingPage:79 - Video Text :SHARK WEEK
2019-07-17 09:19:30,276  INFO [main] LandingPage:80 - Video Description :Television's longest running must-see summer TV event is filled with all things sharks! Shark Week…
2019-07-17 09:19:31,145  INFO [main] LandingPage:79 - Video Text :NAKED AND AFRAID XL
2019-07-17 09:19:31,146  INFO [main] LandingPage:80 - Video Description :A group of the best survival experts in the world take on an un-survivable situation: 40 days.…
2019-07-17 09:19:31,162  INFO [main] LandingPage:87 - Favourite Videos Added ..!!!
2019-07-17 09:19:31,163  INFO [main] MyVideosPage:49 - Getting my favourite Videos !!!
2019-07-17 09:19:36,493  INFO [main] MyVideosPage:83 - Video Text :SHARK WEEK
2019-07-17 09:19:36,493  INFO [main] MyVideosPage:84 - Video Description :Television's longest running must-see summer TV event is filled with all things sharks! Shark Week 2019 will kick off…
2019-07-17 09:19:36,962  INFO [main] MyVideosPage:83 - Video Text :NAKED AND AFRAID XL
2019-07-17 09:19:36,962  INFO [main] MyVideosPage:84 - Video Description :A group of the best survival experts in the world take on an un-survivable situation: 40 days. 40 nights. No food,…
2019-07-17 09:19:37,001  INFO [main] MyVideosPage:89 - My favourite Videos Added !!!
2019-07-17 09:19:37,005  INFO [main] HomePage:54 - Checking the Text and Description of the videos !!
2019-07-17 09:19:37,007  INFO [main] HomePage:54 - Checking the Text and Description of the videos !!
2019-07-17 09:19:37,010  INFO [main] HomePage:59 - Added Favourite Videos and Myvideos are successfully verified !!
2019-07-17 09:20:04,586  INFO [main] TestBase:58 - Launching browser !!
2019-07-17 09:20:27,103  INFO [main] TestBase:60 - URL:https://www.discovery.com/
2019-07-17 09:20:35,810  INFO [main] LandingPage:46 - Getting Favourite Videos !!!
2019-07-17 09:20:43,250  INFO [main] LandingPage:79 - Video Text :SHARK WEEK
2019-07-17 09:20:43,251  INFO [main] LandingPage:80 - Video Description :Television's longest running must-see summer TV event is filled with all things sharks! Shark Week…
2019-07-17 09:20:44,048  INFO [main] LandingPage:79 - Video Text :NAKED AND AFRAID XL
2019-07-17 09:20:44,049  INFO [main] LandingPage:80 - Video Description :A group of the best survival experts in the world take on an un-survivable situation: 40 days.…
2019-07-17 09:20:44,064  INFO [main] LandingPage:87 - Favourite Videos Added ..!!!
2019-07-17 09:20:44,065  INFO [main] MyVideosPage:49 - Getting my favourite Videos !!!
2019-07-17 09:20:49,464  INFO [main] MyVideosPage:83 - Video Text :SHARK WEEK
2019-07-17 09:20:49,465  INFO [main] MyVideosPage:84 - Video Description :Television's longest running must-see summer TV event is filled with all things sharks! Shark Week 2019 will kick off…
2019-07-17 09:20:49,982  INFO [main] MyVideosPage:83 - Video Text :NAKED AND AFRAID XL
2019-07-17 09:20:49,983  INFO [main] MyVideosPage:84 - Video Description :A group of the best survival experts in the world take on an un-survivable situation: 40 days. 40 nights. No food,…
2019-07-17 09:20:50,028  INFO [main] MyVideosPage:89 - My favourite Videos Added !!!
2019-07-17 09:20:50,032  INFO [main] HomePage:54 - Checking the Text and Description of the videos !!
2019-07-17 09:20:50,034  INFO [main] HomePage:54 - Checking the Text and Description of the videos !!
2019-07-17 09:20:50,037  INFO [main] HomePage:59 - Added Favourite Videos and Myvideos are successfully verified !!
